<?xml version="1.0" encoding="UTF-8"?>
<coverage generated="1648079986086" clover="3.2.0">
  <project timestamp="1648079986086" name="All files">
    <metrics statements="44" coveredstatements="42" conditionals="22" coveredconditionals="19" methods="4" coveredmethods="4" elements="70" coveredelements="65" complexity="0" loc="44" ncloc="44" packages="1" files="2" classes="2"/>
    <file name="gilded_rose.ts" path="/Users/ivanburda/dev/gilded-rose-typescript/round03/src/gilded_rose.ts">
      <metrics statements="32" coveredstatements="30" conditionals="22" coveredconditionals="19" methods="3" coveredmethods="3"/>
      <line num="1" count="4" type="stmt"/>
      <line num="7" count="13" type="stmt"/>
      <line num="8" count="13" type="stmt"/>
      <line num="9" count="13" type="stmt"/>
      <line num="13" count="4" type="stmt"/>
      <line num="17" count="13" type="stmt"/>
      <line num="21" count="12" type="stmt"/>
      <line num="22" count="12" type="cond" truecount="4" falsecount="0"/>
      <line num="23" count="6" type="cond" truecount="1" falsecount="0"/>
      <line num="24" count="5" type="cond" truecount="1" falsecount="0"/>
      <line num="25" count="3" type="stmt"/>
      <line num="29" count="6" type="cond" truecount="1" falsecount="0"/>
      <line num="30" count="5" type="stmt"/>
      <line num="31" count="5" type="cond" truecount="1" falsecount="0"/>
      <line num="32" count="4" type="cond" truecount="1" falsecount="0"/>
      <line num="33" count="3" type="cond" truecount="1" falsecount="0"/>
      <line num="34" count="3" type="stmt"/>
      <line num="37" count="4" type="cond" truecount="1" falsecount="0"/>
      <line num="38" count="2" type="cond" truecount="1" falsecount="0"/>
      <line num="39" count="2" type="stmt"/>
      <line num="45" count="12" type="cond" truecount="1" falsecount="0"/>
      <line num="46" count="10" type="stmt"/>
      <line num="48" count="12" type="cond" truecount="1" falsecount="0"/>
      <line num="49" count="2" type="cond" truecount="1" falsecount="1"/>
      <line num="50" count="2" type="cond" truecount="2" falsecount="0"/>
      <line num="51" count="1" type="cond" truecount="1" falsecount="0"/>
      <line num="52" count="1" type="cond" truecount="1" falsecount="0"/>
      <line num="53" count="1" type="stmt"/>
      <line num="57" count="1" type="stmt"/>
      <line num="60" count="0" type="cond" truecount="0" falsecount="1"/>
      <line num="61" count="0" type="stmt"/>
      <line num="67" count="12" type="stmt"/>
    </file>
    <file name="testSharedConstants.ts" path="/Users/ivanburda/dev/gilded-rose-typescript/round03/src/testSharedConstants.ts">
      <metrics statements="12" coveredstatements="12" conditionals="0" coveredconditionals="0" methods="1" coveredmethods="1"/>
      <line num="1" count="4" type="stmt"/>
      <line num="3" count="4" type="stmt"/>
      <line num="4" count="13" type="stmt"/>
      <line num="6" count="4" type="stmt"/>
      <line num="7" count="4" type="stmt"/>
      <line num="8" count="4" type="stmt"/>
      <line num="10" count="4" type="stmt"/>
      <line num="11" count="4" type="stmt"/>
      <line num="12" count="4" type="stmt"/>
      <line num="14" count="4" type="stmt"/>
      <line num="15" count="4" type="stmt"/>
      <line num="16" count="4" type="stmt"/>
    </file>
  </project>
</coverage>
