{"/Users/ivanburda/dev/gilded-rose-typescript/round03/src/gilded_rose.ts": {"path":"/Users/ivanburda/dev/gilded-rose-typescript/round03/src/gilded_rose.ts","statementMap":{"0":{"start":{"line":7,"column":8},"end":{"line":7,"column":25}},"1":{"start":{"line":8,"column":8},"end":{"line":8,"column":29}},"2":{"start":{"line":9,"column":8},"end":{"line":9,"column":31}},"3":{"start":{"line":1,"column":0},"end":{"line":1,"column":13}},"4":{"start":{"line":17,"column":8},"end":{"line":17,"column":27}},"5":{"start":{"line":21,"column":8},"end":{"line":65,"column":null}},"6":{"start":{"line":21,"column":21},"end":{"line":21,"column":22}},"7":{"start":{"line":22,"column":12},"end":{"line":44,"column":null}},"8":{"start":{"line":23,"column":16},"end":{"line":27,"column":null}},"9":{"start":{"line":24,"column":20},"end":{"line":26,"column":null}},"10":{"start":{"line":25,"column":24},"end":{"line":25,"column":74}},"11":{"start":{"line":29,"column":16},"end":{"line":43,"column":null}},"12":{"start":{"line":30,"column":20},"end":{"line":30,"column":70}},"13":{"start":{"line":31,"column":20},"end":{"line":42,"column":null}},"14":{"start":{"line":32,"column":24},"end":{"line":36,"column":null}},"15":{"start":{"line":33,"column":28},"end":{"line":35,"column":null}},"16":{"start":{"line":34,"column":32},"end":{"line":34,"column":82}},"17":{"start":{"line":37,"column":24},"end":{"line":41,"column":null}},"18":{"start":{"line":38,"column":28},"end":{"line":40,"column":null}},"19":{"start":{"line":39,"column":32},"end":{"line":39,"column":82}},"20":{"start":{"line":45,"column":12},"end":{"line":47,"column":null}},"21":{"start":{"line":46,"column":16},"end":{"line":46,"column":64}},"22":{"start":{"line":48,"column":12},"end":{"line":64,"column":null}},"23":{"start":{"line":49,"column":16},"end":{"line":63,"column":null}},"24":{"start":{"line":50,"column":20},"end":{"line":58,"column":null}},"25":{"start":{"line":51,"column":24},"end":{"line":55,"column":null}},"26":{"start":{"line":52,"column":28},"end":{"line":54,"column":null}},"27":{"start":{"line":53,"column":32},"end":{"line":53,"column":82}},"28":{"start":{"line":57,"column":24},"end":{"line":57,"column":94}},"29":{"start":{"line":60,"column":20},"end":{"line":62,"column":null}},"30":{"start":{"line":61,"column":24},"end":{"line":61,"column":74}},"31":{"start":{"line":67,"column":8},"end":{"line":67,"column":26}},"32":{"start":{"line":13,"column":0},"end":{"line":13,"column":13}}},"fnMap":{"0":{"name":"(anonymous_0)","decl":{"start":{"line":6,"column":4},"end":{"line":6,"column":16}},"loc":{"start":{"line":6,"column":61},"end":{"line":10,"column":5}}},"1":{"name":"(anonymous_1)","decl":{"start":{"line":16,"column":4},"end":{"line":16,"column":16}},"loc":{"start":{"line":16,"column":34},"end":{"line":18,"column":5}}},"2":{"name":"(anonymous_2)","decl":{"start":{"line":20,"column":4},"end":{"line":20,"column":17}},"loc":{"start":{"line":20,"column":17},"end":{"line":68,"column":5}}}},"branchMap":{"0":{"loc":{"start":{"line":16,"column":16},"end":{"line":16,"column":34}},"type":"default-arg","locations":[{"start":{"line":16,"column":32},"end":{"line":16,"column":34}}]},"1":{"loc":{"start":{"line":22,"column":12},"end":{"line":44,"column":null}},"type":"if","locations":[{"start":{"line":22,"column":12},"end":{"line":44,"column":null}},{"start":{"line":28,"column":19},"end":{"line":44,"column":null}}]},"2":{"loc":{"start":{"line":22,"column":16},"end":{"line":22,"column":118}},"type":"binary-expr","locations":[{"start":{"line":22,"column":16},"end":{"line":22,"column":49}},{"start":{"line":22,"column":53},"end":{"line":22,"column":118}}]},"3":{"loc":{"start":{"line":23,"column":16},"end":{"line":27,"column":null}},"type":"if","locations":[{"start":{"line":23,"column":16},"end":{"line":27,"column":null}}]},"4":{"loc":{"start":{"line":24,"column":20},"end":{"line":26,"column":null}},"type":"if","locations":[{"start":{"line":24,"column":20},"end":{"line":26,"column":null}}]},"5":{"loc":{"start":{"line":29,"column":16},"end":{"line":43,"column":null}},"type":"if","locations":[{"start":{"line":29,"column":16},"end":{"line":43,"column":null}}]},"6":{"loc":{"start":{"line":31,"column":20},"end":{"line":42,"column":null}},"type":"if","locations":[{"start":{"line":31,"column":20},"end":{"line":42,"column":null}}]},"7":{"loc":{"start":{"line":32,"column":24},"end":{"line":36,"column":null}},"type":"if","locations":[{"start":{"line":32,"column":24},"end":{"line":36,"column":null}}]},"8":{"loc":{"start":{"line":33,"column":28},"end":{"line":35,"column":null}},"type":"if","locations":[{"start":{"line":33,"column":28},"end":{"line":35,"column":null}}]},"9":{"loc":{"start":{"line":37,"column":24},"end":{"line":41,"column":null}},"type":"if","locations":[{"start":{"line":37,"column":24},"end":{"line":41,"column":null}}]},"10":{"loc":{"start":{"line":38,"column":28},"end":{"line":40,"column":null}},"type":"if","locations":[{"start":{"line":38,"column":28},"end":{"line":40,"column":null}}]},"11":{"loc":{"start":{"line":45,"column":12},"end":{"line":47,"column":null}},"type":"if","locations":[{"start":{"line":45,"column":12},"end":{"line":47,"column":null}}]},"12":{"loc":{"start":{"line":48,"column":12},"end":{"line":64,"column":null}},"type":"if","locations":[{"start":{"line":48,"column":12},"end":{"line":64,"column":null}}]},"13":{"loc":{"start":{"line":49,"column":16},"end":{"line":63,"column":null}},"type":"if","locations":[{"start":{"line":49,"column":16},"end":{"line":63,"column":null}},{"start":{"line":59,"column":23},"end":{"line":63,"column":null}}]},"14":{"loc":{"start":{"line":50,"column":20},"end":{"line":58,"column":null}},"type":"if","locations":[{"start":{"line":50,"column":20},"end":{"line":58,"column":null}},{"start":{"line":56,"column":27},"end":{"line":58,"column":null}}]},"15":{"loc":{"start":{"line":51,"column":24},"end":{"line":55,"column":null}},"type":"if","locations":[{"start":{"line":51,"column":24},"end":{"line":55,"column":null}}]},"16":{"loc":{"start":{"line":52,"column":28},"end":{"line":54,"column":null}},"type":"if","locations":[{"start":{"line":52,"column":28},"end":{"line":54,"column":null}}]},"17":{"loc":{"start":{"line":60,"column":20},"end":{"line":62,"column":null}},"type":"if","locations":[{"start":{"line":60,"column":20},"end":{"line":62,"column":null}}]}},"s":{"0":13,"1":13,"2":13,"3":4,"4":13,"5":12,"6":12,"7":12,"8":6,"9":5,"10":3,"11":6,"12":5,"13":5,"14":4,"15":3,"16":3,"17":4,"18":2,"19":2,"20":12,"21":10,"22":12,"23":2,"24":2,"25":1,"26":1,"27":1,"28":1,"29":0,"30":0,"31":12,"32":4},"f":{"0":13,"1":13,"2":12},"b":{"0":[0],"1":[6,6],"2":[12,10],"3":[5],"4":[3],"5":[5],"6":[4],"7":[3],"8":[3],"9":[2],"10":[2],"11":[10],"12":[2],"13":[2,0],"14":[1,1],"15":[1],"16":[1],"17":[0]}}
,"/Users/ivanburda/dev/gilded-rose-typescript/round03/src/testSharedConstants.ts": {"path":"/Users/ivanburda/dev/gilded-rose-typescript/round03/src/testSharedConstants.ts","statementMap":{"0":{"start":{"line":1,"column":0},"end":{"line":1,"column":41}},"1":{"start":{"line":4,"column":4},"end":{"line":4,"column":55}},"2":{"start":{"line":3,"column":0},"end":{"line":3,"column":16}},"3":{"start":{"line":6,"column":13},"end":{"line":6,"column":34}},"4":{"start":{"line":7,"column":13},"end":{"line":7,"column":42}},"5":{"start":{"line":8,"column":13},"end":{"line":8,"column":33}},"6":{"start":{"line":10,"column":13},"end":{"line":10,"column":33}},"7":{"start":{"line":11,"column":13},"end":{"line":11,"column":34}},"8":{"start":{"line":12,"column":13},"end":{"line":12,"column":34}},"9":{"start":{"line":14,"column":13},"end":{"line":14,"column":42}},"10":{"start":{"line":15,"column":13},"end":{"line":15,"column":42}},"11":{"start":{"line":16,"column":13},"end":{"line":16,"column":41}}},"fnMap":{"0":{"name":"getShopWithItem","decl":{"start":{"line":3,"column":16},"end":{"line":3,"column":31}},"loc":{"start":{"line":3,"column":77},"end":{"line":5,"column":1}}}},"branchMap":{},"s":{"0":4,"1":13,"2":4,"3":4,"4":4,"5":4,"6":4,"7":4,"8":4,"9":4,"10":4,"11":4},"f":{"0":13},"b":{}}
}
