{"/Users/ivanburda/dev/gilded-rose-typescript/round03/src/gilded_rose.ts": {"path":"/Users/ivanburda/dev/gilded-rose-typescript/round03/src/gilded_rose.ts","statementMap":{"0":{"start":{"line":6,"column":23},"end":{"line":6,"column":39}},"1":{"start":{"line":6,"column":50},"end":{"line":6,"column":75}},"2":{"start":{"line":6,"column":86},"end":{"line":6,"column":111}},"3":{"start":{"line":10,"column":8},"end":{"line":15,"column":12}},"4":{"start":{"line":11,"column":31},"end":{"line":13,"column":36}},"5":{"start":{"line":12,"column":16},"end":{"line":12,"column":47}},"6":{"start":{"line":14,"column":12},"end":{"line":14,"column":36}},"7":{"start":{"line":16,"column":8},"end":{"line":16,"column":26}},"8":{"start":{"line":5,"column":0},"end":{"line":5,"column":13}}},"fnMap":{"0":{"name":"(anonymous_0)","decl":{"start":{"line":6,"column":4},"end":{"line":6,"column":23}},"loc":{"start":{"line":6,"column":111},"end":{"line":7,"column":5}}},"1":{"name":"(anonymous_1)","decl":{"start":{"line":9,"column":4},"end":{"line":9,"column":17}},"loc":{"start":{"line":9,"column":17},"end":{"line":17,"column":5}}},"2":{"name":"(anonymous_2)","decl":{"start":{"line":10,"column":27},"end":{"line":10,"column":31}},"loc":{"start":{"line":10,"column":34},"end":{"line":15,"column":9}}},"3":{"name":"(anonymous_3)","decl":{"start":{"line":11,"column":52},"end":{"line":11,"column":53}},"loc":{"start":{"line":11,"column":65},"end":{"line":13,"column":13}}}},"branchMap":{"0":{"loc":{"start":{"line":6,"column":23},"end":{"line":6,"column":41}},"type":"default-arg","locations":[{"start":{"line":6,"column":39},"end":{"line":6,"column":41}}]},"1":{"loc":{"start":{"line":6,"column":50},"end":{"line":6,"column":77}},"type":"default-arg","locations":[{"start":{"line":6,"column":75},"end":{"line":6,"column":77}}]},"2":{"loc":{"start":{"line":11,"column":31},"end":{"line":13,"column":36}},"type":"binary-expr","locations":[{"start":{"line":11,"column":31},"end":{"line":13,"column":14}},{"start":{"line":13,"column":16},"end":{"line":13,"column":36}}]}},"s":{"0":16,"1":16,"2":16,"3":15,"4":15,"5":41,"6":15,"7":15,"8":5},"f":{"0":16,"1":15,"2":15,"3":41},"b":{"0":[0],"1":[0],"2":[15,4]}}
,"/Users/ivanburda/dev/gilded-rose-typescript/round03/src/item.ts": {"path":"/Users/ivanburda/dev/gilded-rose-typescript/round03/src/item.ts","statementMap":{"0":{"start":{"line":1,"column":0},"end":{"line":1,"column":71}},"1":{"start":{"line":4,"column":23},"end":{"line":4,"column":35}},"2":{"start":{"line":4,"column":44},"end":{"line":4,"column":58}},"3":{"start":{"line":4,"column":67},"end":{"line":4,"column":82}},"4":{"start":{"line":3,"column":0},"end":{"line":3,"column":13}},"5":{"start":{"line":9,"column":4},"end":{"line":11,"column":null}},"6":{"start":{"line":10,"column":8},"end":{"line":10,"column":40}},"7":{"start":{"line":8,"column":0},"end":{"line":8,"column":16}},"8":{"start":{"line":15,"column":4},"end":{"line":17,"column":null}},"9":{"start":{"line":16,"column":8},"end":{"line":16,"column":40}},"10":{"start":{"line":14,"column":0},"end":{"line":14,"column":16}},"11":{"start":{"line":21,"column":4},"end":{"line":21,"column":47}},"12":{"start":{"line":20,"column":0},"end":{"line":20,"column":16}},"13":{"start":{"line":25,"column":4},"end":{"line":25,"column":34}},"14":{"start":{"line":24,"column":0},"end":{"line":24,"column":16}}},"fnMap":{"0":{"name":"(anonymous_0)","decl":{"start":{"line":4,"column":4},"end":{"line":4,"column":23}},"loc":{"start":{"line":4,"column":82},"end":{"line":5,"column":5}}},"1":{"name":"qualityDecrease","decl":{"start":{"line":8,"column":16},"end":{"line":8,"column":31}},"loc":{"start":{"line":8,"column":42},"end":{"line":12,"column":1}}},"2":{"name":"qualityIncrease","decl":{"start":{"line":14,"column":16},"end":{"line":14,"column":31}},"loc":{"start":{"line":14,"column":42},"end":{"line":18,"column":1}}},"3":{"name":"qualitySetToMinimum","decl":{"start":{"line":20,"column":16},"end":{"line":20,"column":35}},"loc":{"start":{"line":20,"column":46},"end":{"line":22,"column":1}}},"4":{"name":"sellInDecrease","decl":{"start":{"line":24,"column":16},"end":{"line":24,"column":30}},"loc":{"start":{"line":24,"column":41},"end":{"line":26,"column":1}}}},"branchMap":{"0":{"loc":{"start":{"line":9,"column":4},"end":{"line":11,"column":null}},"type":"if","locations":[{"start":{"line":9,"column":4},"end":{"line":11,"column":null}}]},"1":{"loc":{"start":{"line":15,"column":4},"end":{"line":17,"column":null}},"type":"if","locations":[{"start":{"line":15,"column":4},"end":{"line":17,"column":null}}]}},"s":{"0":5,"1":16,"2":16,"3":16,"4":5,"5":11,"6":10,"7":5,"8":13,"9":12,"10":5,"11":1,"12":5,"13":11,"14":5},"f":{"0":16,"1":11,"2":13,"3":1,"4":11},"b":{"0":[10],"1":[12]}}
,"/Users/ivanburda/dev/gilded-rose-typescript/round03/src/testSharedConstants.ts": {"path":"/Users/ivanburda/dev/gilded-rose-typescript/round03/src/testSharedConstants.ts","statementMap":{"0":{"start":{"line":1,"column":0},"end":{"line":1,"column":35}},"1":{"start":{"line":2,"column":0},"end":{"line":2,"column":28}},"2":{"start":{"line":3,"column":0},"end":{"line":3,"column":61}},"3":{"start":{"line":4,"column":0},"end":{"line":4,"column":76}},"4":{"start":{"line":5,"column":0},"end":{"line":5,"column":61}},"5":{"start":{"line":6,"column":0},"end":{"line":6,"column":67}},"6":{"start":{"line":7,"column":0},"end":{"line":7,"column":61}},"7":{"start":{"line":10,"column":4},"end":{"line":10,"column":185}},"8":{"start":{"line":9,"column":0},"end":{"line":9,"column":16}},"9":{"start":{"line":13,"column":13},"end":{"line":13,"column":34}},"10":{"start":{"line":14,"column":13},"end":{"line":14,"column":42}},"11":{"start":{"line":15,"column":13},"end":{"line":15,"column":33}},"12":{"start":{"line":17,"column":13},"end":{"line":17,"column":33}},"13":{"start":{"line":18,"column":13},"end":{"line":18,"column":34}},"14":{"start":{"line":19,"column":13},"end":{"line":19,"column":34}},"15":{"start":{"line":21,"column":13},"end":{"line":21,"column":42}},"16":{"start":{"line":22,"column":13},"end":{"line":22,"column":41}},"17":{"start":{"line":23,"column":13},"end":{"line":23,"column":42}},"18":{"start":{"line":24,"column":13},"end":{"line":24,"column":41}},"19":{"start":{"line":25,"column":13},"end":{"line":25,"column":44}}},"fnMap":{"0":{"name":"getShopWithItem","decl":{"start":{"line":9,"column":16},"end":{"line":9,"column":31}},"loc":{"start":{"line":9,"column":77},"end":{"line":11,"column":1}}}},"branchMap":{},"s":{"0":5,"1":5,"2":5,"3":5,"4":5,"5":5,"6":5,"7":16,"8":5,"9":5,"10":5,"11":5,"12":5,"13":5,"14":5,"15":5,"16":5,"17":5,"18":5,"19":5},"f":{"0":16},"b":{}}
,"/Users/ivanburda/dev/gilded-rose-typescript/round03/src/agedBrie/agedBrieStrategy.ts": {"path":"/Users/ivanburda/dev/gilded-rose-typescript/round03/src/agedBrie/agedBrieStrategy.ts","statementMap":{"0":{"start":{"line":2,"column":0},"end":{"line":2,"column":79}},"1":{"start":{"line":3,"column":0},"end":{"line":3,"column":55}},"2":{"start":{"line":5,"column":13},"end":{"line":5,"column":42}},"3":{"start":{"line":9,"column":8},"end":{"line":9,"column":44}},"4":{"start":{"line":13,"column":8},"end":{"line":13,"column":30}},"5":{"start":{"line":14,"column":8},"end":{"line":14,"column":29}},"6":{"start":{"line":15,"column":8},"end":{"line":17,"column":null}},"7":{"start":{"line":16,"column":12},"end":{"line":16,"column":34}},"8":{"start":{"line":7,"column":0},"end":{"line":7,"column":13}}},"fnMap":{"0":{"name":"(anonymous_0)","decl":{"start":{"line":8,"column":4},"end":{"line":8,"column":12}},"loc":{"start":{"line":8,"column":23},"end":{"line":10,"column":5}}},"1":{"name":"(anonymous_1)","decl":{"start":{"line":12,"column":4},"end":{"line":12,"column":10}},"loc":{"start":{"line":12,"column":21},"end":{"line":18,"column":5}}}},"branchMap":{"0":{"loc":{"start":{"line":15,"column":8},"end":{"line":17,"column":null}},"type":"if","locations":[{"start":{"line":15,"column":8},"end":{"line":17,"column":null}}]}},"s":{"0":5,"1":5,"2":5,"3":15,"4":3,"5":3,"6":3,"7":1,"8":5},"f":{"0":15,"1":3},"b":{"0":[1]}}
,"/Users/ivanburda/dev/gilded-rose-typescript/round03/src/concertTicket/concertTicketStrategy.ts": {"path":"/Users/ivanburda/dev/gilded-rose-typescript/round03/src/concertTicket/concertTicketStrategy.ts","statementMap":{"0":{"start":{"line":2,"column":0},"end":{"line":2,"column":83}},"1":{"start":{"line":3,"column":0},"end":{"line":3,"column":55}},"2":{"start":{"line":5,"column":13},"end":{"line":5,"column":79}},"3":{"start":{"line":9,"column":8},"end":{"line":9,"column":49}},"4":{"start":{"line":13,"column":8},"end":{"line":13,"column":30}},"5":{"start":{"line":14,"column":8},"end":{"line":16,"column":null}},"6":{"start":{"line":15,"column":12},"end":{"line":15,"column":34}},"7":{"start":{"line":17,"column":8},"end":{"line":19,"column":null}},"8":{"start":{"line":18,"column":12},"end":{"line":18,"column":34}},"9":{"start":{"line":20,"column":8},"end":{"line":20,"column":29}},"10":{"start":{"line":21,"column":8},"end":{"line":23,"column":null}},"11":{"start":{"line":22,"column":12},"end":{"line":22,"column":38}},"12":{"start":{"line":24,"column":8},"end":{"line":24,"column":15}},"13":{"start":{"line":7,"column":0},"end":{"line":7,"column":13}}},"fnMap":{"0":{"name":"(anonymous_0)","decl":{"start":{"line":8,"column":4},"end":{"line":8,"column":12}},"loc":{"start":{"line":8,"column":23},"end":{"line":10,"column":5}}},"1":{"name":"(anonymous_1)","decl":{"start":{"line":12,"column":4},"end":{"line":12,"column":10}},"loc":{"start":{"line":12,"column":21},"end":{"line":26,"column":5}}}},"branchMap":{"0":{"loc":{"start":{"line":14,"column":8},"end":{"line":16,"column":null}},"type":"if","locations":[{"start":{"line":14,"column":8},"end":{"line":16,"column":null}}]},"1":{"loc":{"start":{"line":17,"column":8},"end":{"line":19,"column":null}},"type":"if","locations":[{"start":{"line":17,"column":8},"end":{"line":19,"column":null}}]},"2":{"loc":{"start":{"line":21,"column":8},"end":{"line":23,"column":null}},"type":"if","locations":[{"start":{"line":21,"column":8},"end":{"line":23,"column":null}}]}},"s":{"0":5,"1":5,"2":5,"3":12,"4":4,"5":4,"6":3,"7":4,"8":2,"9":4,"10":4,"11":1,"12":4,"13":5},"f":{"0":12,"1":4},"b":{"0":[3],"1":[2],"2":[1]}}
,"/Users/ivanburda/dev/gilded-rose-typescript/round03/src/conjured/conjuredStrategy.ts": {"path":"/Users/ivanburda/dev/gilded-rose-typescript/round03/src/conjured/conjuredStrategy.ts","statementMap":{"0":{"start":{"line":2,"column":0},"end":{"line":2,"column":83}},"1":{"start":{"line":3,"column":0},"end":{"line":3,"column":55}},"2":{"start":{"line":5,"column":22},"end":{"line":5,"column":32}},"3":{"start":{"line":9,"column":8},"end":{"line":9,"column":43}},"4":{"start":{"line":13,"column":8},"end":{"line":13,"column":30}},"5":{"start":{"line":14,"column":8},"end":{"line":14,"column":30}},"6":{"start":{"line":15,"column":8},"end":{"line":18,"column":null}},"7":{"start":{"line":16,"column":12},"end":{"line":16,"column":34}},"8":{"start":{"line":17,"column":12},"end":{"line":17,"column":34}},"9":{"start":{"line":19,"column":8},"end":{"line":19,"column":15}},"10":{"start":{"line":7,"column":0},"end":{"line":7,"column":13}}},"fnMap":{"0":{"name":"(anonymous_0)","decl":{"start":{"line":8,"column":4},"end":{"line":8,"column":12}},"loc":{"start":{"line":8,"column":23},"end":{"line":10,"column":5}}},"1":{"name":"(anonymous_1)","decl":{"start":{"line":12,"column":4},"end":{"line":12,"column":10}},"loc":{"start":{"line":12,"column":21},"end":{"line":20,"column":5}}}},"branchMap":{"0":{"loc":{"start":{"line":15,"column":8},"end":{"line":18,"column":null}},"type":"if","locations":[{"start":{"line":15,"column":8},"end":{"line":18,"column":null}}]}},"s":{"0":5,"1":5,"2":5,"3":6,"4":2,"5":2,"6":2,"7":1,"8":1,"9":2,"10":5},"f":{"0":6,"1":2},"b":{"0":[1]}}
,"/Users/ivanburda/dev/gilded-rose-typescript/round03/src/normalItem/normalItemStrategy.ts": {"path":"/Users/ivanburda/dev/gilded-rose-typescript/round03/src/normalItem/normalItemStrategy.ts","statementMap":{"0":{"start":{"line":2,"column":0},"end":{"line":2,"column":62}},"1":{"start":{"line":3,"column":0},"end":{"line":3,"column":55}},"2":{"start":{"line":8,"column":8},"end":{"line":8,"column":20}},"3":{"start":{"line":12,"column":8},"end":{"line":12,"column":30}},"4":{"start":{"line":13,"column":8},"end":{"line":13,"column":29}},"5":{"start":{"line":14,"column":8},"end":{"line":16,"column":null}},"6":{"start":{"line":15,"column":12},"end":{"line":15,"column":34}},"7":{"start":{"line":6,"column":0},"end":{"line":6,"column":13}}},"fnMap":{"0":{"name":"(anonymous_0)","decl":{"start":{"line":7,"column":4},"end":{"line":7,"column":12}},"loc":{"start":{"line":7,"column":23},"end":{"line":9,"column":5}}},"1":{"name":"(anonymous_1)","decl":{"start":{"line":11,"column":4},"end":{"line":11,"column":10}},"loc":{"start":{"line":11,"column":21},"end":{"line":17,"column":5}}}},"branchMap":{"0":{"loc":{"start":{"line":14,"column":8},"end":{"line":16,"column":null}},"type":"if","locations":[{"start":{"line":14,"column":8},"end":{"line":16,"column":null}}]}},"s":{"0":5,"1":5,"2":0,"3":4,"4":4,"5":4,"6":1,"7":5},"f":{"0":0,"1":4},"b":{"0":[1]}}
,"/Users/ivanburda/dev/gilded-rose-typescript/round03/src/sulfuras/sulfurasStrategy.ts": {"path":"/Users/ivanburda/dev/gilded-rose-typescript/round03/src/sulfuras/sulfurasStrategy.ts","statementMap":{"0":{"start":{"line":4,"column":13},"end":{"line":4,"column":58}},"1":{"start":{"line":8,"column":8},"end":{"line":8,"column":43}},"2":{"start":{"line":12,"column":8},"end":{"line":12,"column":15}},"3":{"start":{"line":6,"column":0},"end":{"line":6,"column":13}}},"fnMap":{"0":{"name":"(anonymous_0)","decl":{"start":{"line":7,"column":4},"end":{"line":7,"column":12}},"loc":{"start":{"line":7,"column":23},"end":{"line":9,"column":5}}},"1":{"name":"(anonymous_1)","decl":{"start":{"line":11,"column":4},"end":{"line":11,"column":10}},"loc":{"start":{"line":11,"column":21},"end":{"line":13,"column":5}}}},"branchMap":{},"s":{"0":5,"1":8,"2":2,"3":5},"f":{"0":8,"1":2},"b":{}}
}
