TN:
SF:src/gilded_rose.ts
FN:6,(anonymous_0)
FN:16,(anonymous_1)
FN:20,(anonymous_2)
FNF:3
FNH:3
FNDA:1,(anonymous_0)
FNDA:1,(anonymous_1)
FNDA:1,(anonymous_2)
DA:1,1
DA:7,1
DA:8,1
DA:9,1
DA:13,1
DA:17,1
DA:21,1
DA:22,1
DA:23,1
DA:24,0
DA:25,0
DA:29,0
DA:30,0
DA:31,0
DA:32,0
DA:33,0
DA:34,0
DA:37,0
DA:38,0
DA:39,0
DA:45,1
DA:46,1
DA:48,1
DA:49,1
DA:50,1
DA:51,1
DA:52,0
DA:53,0
DA:57,0
DA:60,0
DA:61,0
DA:67,1
LF:32
LH:16
BRDA:16,0,0,0
BRDA:22,1,0,1
BRDA:22,1,1,0
BRDA:22,2,0,1
BRDA:22,2,1,1
BRDA:23,3,0,0
BRDA:24,4,0,0
BRDA:29,5,0,0
BRDA:31,6,0,0
BRDA:32,7,0,0
BRDA:33,8,0,0
BRDA:37,9,0,0
BRDA:38,10,0,0
BRDA:45,11,0,1
BRDA:48,12,0,1
BRDA:49,13,0,1
BRDA:49,13,1,0
BRDA:50,14,0,1
BRDA:50,14,1,0
BRDA:51,15,0,0
BRDA:52,16,0,0
BRDA:60,17,0,0
BRF:22
BRH:7
end_of_record
