TN:
SF:src/gilded_rose.ts
FN:6,(anonymous_0)
FN:9,(anonymous_1)
FN:10,(anonymous_2)
FN:11,(anonymous_3)
FNF:4
FNH:4
FNDA:16,(anonymous_0)
FNDA:15,(anonymous_1)
FNDA:15,(anonymous_2)
FNDA:41,(anonymous_3)
DA:5,5
DA:6,16
DA:10,15
DA:11,15
DA:12,41
DA:14,15
DA:16,15
LF:7
LH:7
BRDA:6,0,0,0
BRDA:6,1,0,0
BRDA:11,2,0,15
BRDA:11,2,1,4
BRF:4
BRH:2
end_of_record
TN:
SF:src/item.ts
FN:4,(anonymous_0)
FN:8,qualityDecrease
FN:14,qualityIncrease
FN:20,qualitySetToMinimum
FN:24,sellInDecrease
FNF:5
FNH:5
FNDA:16,(anonymous_0)
FNDA:11,qualityDecrease
FNDA:13,qualityIncrease
FNDA:1,qualitySetToMinimum
FNDA:11,sellInDecrease
DA:1,5
DA:3,5
DA:4,16
DA:8,5
DA:9,11
DA:10,10
DA:14,5
DA:15,13
DA:16,12
DA:20,5
DA:21,1
DA:24,5
DA:25,11
LF:13
LH:13
BRDA:9,0,0,10
BRDA:15,1,0,12
BRF:2
BRH:2
end_of_record
TN:
SF:src/testSharedConstants.ts
FN:9,getShopWithItem
FNF:1
FNH:1
FNDA:16,getShopWithItem
DA:1,5
DA:2,5
DA:3,5
DA:4,5
DA:5,5
DA:6,5
DA:7,5
DA:9,5
DA:10,16
DA:13,5
DA:14,5
DA:15,5
DA:17,5
DA:18,5
DA:19,5
DA:21,5
DA:22,5
DA:23,5
DA:24,5
DA:25,5
LF:20
LH:20
BRF:0
BRH:0
end_of_record
TN:
SF:src/agedBrie/agedBrieStrategy.ts
FN:8,(anonymous_0)
FN:12,(anonymous_1)
FNF:2
FNH:2
FNDA:15,(anonymous_0)
FNDA:3,(anonymous_1)
DA:2,5
DA:3,5
DA:5,5
DA:7,5
DA:9,15
DA:13,3
DA:14,3
DA:15,3
DA:16,1
LF:9
LH:9
BRDA:15,0,0,1
BRF:1
BRH:1
end_of_record
TN:
SF:src/concertTicket/concertTicketStrategy.ts
FN:8,(anonymous_0)
FN:12,(anonymous_1)
FNF:2
FNH:2
FNDA:12,(anonymous_0)
FNDA:4,(anonymous_1)
DA:2,5
DA:3,5
DA:5,5
DA:7,5
DA:9,12
DA:13,4
DA:14,4
DA:15,3
DA:17,4
DA:18,2
DA:20,4
DA:21,4
DA:22,1
DA:24,4
LF:14
LH:14
BRDA:14,0,0,3
BRDA:17,1,0,2
BRDA:21,2,0,1
BRF:3
BRH:3
end_of_record
TN:
SF:src/conjured/conjuredStrategy.ts
FN:8,(anonymous_0)
FN:12,(anonymous_1)
FNF:2
FNH:2
FNDA:6,(anonymous_0)
FNDA:2,(anonymous_1)
DA:2,5
DA:3,5
DA:5,5
DA:7,5
DA:9,6
DA:13,2
DA:14,2
DA:15,2
DA:16,1
DA:17,1
DA:19,2
LF:11
LH:11
BRDA:15,0,0,1
BRF:1
BRH:1
end_of_record
TN:
SF:src/normalItem/normalItemStrategy.ts
FN:7,(anonymous_0)
FN:11,(anonymous_1)
FNF:2
FNH:1
FNDA:0,(anonymous_0)
FNDA:4,(anonymous_1)
DA:2,5
DA:3,5
DA:6,5
DA:8,0
DA:12,4
DA:13,4
DA:14,4
DA:15,1
LF:8
LH:7
BRDA:14,0,0,1
BRF:1
BRH:1
end_of_record
TN:
SF:src/sulfuras/sulfurasStrategy.ts
FN:7,(anonymous_0)
FN:11,(anonymous_1)
FNF:2
FNH:2
FNDA:8,(anonymous_0)
FNDA:2,(anonymous_1)
DA:4,5
DA:6,5
DA:8,8
DA:12,2
LF:4
LH:4
BRF:0
BRH:0
end_of_record
